<?xml version="1.0" encoding="UTF-8"?>
<!-- Generated by org.testng.reporters.JUnitReportReporter -->
<testsuite hostname="DESKTOP-D9L1E3E" failures="0" tests="1" name="hw_16_selenium_methods.Dropdown_selectByIndex_method" time="3.400" errors="0" timestamp="2021-12-24T15:59:02 EST" skipped="0">
  <testcase classname="hw_16_selenium_methods.Dropdown_selectByIndex_method" name="selectByIndexTest" time="3.400"/>
  <system-out/>
</testsuite> <!-- hw_16_selenium_methods.Dropdown_selectByIndex_method -->
