<?xml version="1.0" encoding="UTF-8"?>
<!-- Generated by org.testng.reporters.JUnitReportReporter -->
<testsuite hostname="DESKTOP-D9L1E3E" failures="0" tests="1" name="hw_14_selenium.UseOfTestNGAnnotationGetTitle" time="0.013" errors="0" timestamp="2021-12-22T00:48:59 EST" skipped="0">
  <testcase classname="hw_14_selenium.UseOfTestNGAnnotationGetTitle" name="titleTest" time="0.013"/>
  <system-out/>
</testsuite> <!-- hw_14_selenium.UseOfTestNGAnnotationGetTitle -->
