<?xml version="1.0" encoding="UTF-8"?>
<!-- Generated by org.testng.reporters.JUnitReportReporter -->
<testsuite hostname="DESKTOP-D9L1E3E" failures="0" tests="5" name="hw_15_selenium_methods.Use_of_manage_by_driver_getsize_setsize_methods" time="40.175" errors="0" timestamp="2021-12-23T23:20:05 EST" skipped="0">
  <testcase classname="hw_15_selenium_methods.Use_of_manage_by_driver_getsize_setsize_methods" name="maximizeWindowTest" time="5.169"/>
  <system-out/>
  <testcase classname="hw_15_selenium_methods.Use_of_manage_by_driver_getsize_setsize_methods" name="fullscreenWindowTest" time="5.017"/>
  <system-out/>
  <testcase classname="hw_15_selenium_methods.Use_of_manage_by_driver_getsize_setsize_methods" name="sizeOfWindowTest" time="8.148"/>
  <system-out/>
  <testcase classname="hw_15_selenium_methods.Use_of_manage_by_driver_getsize_setsize_methods" name="deleteCookies" time="3.748"/>
  <system-out/>
  <testcase classname="hw_15_selenium_methods.Use_of_manage_by_driver_getsize_setsize_methods" name="setASpecificSizeOfWindow" time="18.093"/>
  <system-out/>
</testsuite> <!-- hw_15_selenium_methods.Use_of_manage_by_driver_getsize_setsize_methods -->
