<?xml version="1.0" encoding="UTF-8"?>
<!-- Generated by org.testng.reporters.JUnitReportReporter -->
<testsuite hostname="DESKTOP-D9L1E3E" failures="0" tests="1" name="hw_15_selenium_methods.Use_of_navigate_method" time="16.142" errors="0" timestamp="2021-12-23T21:28:59 EST" skipped="0">
  <testcase classname="hw_15_selenium_methods.Use_of_navigate_method" name="navigationTest" time="16.142"/>
  <system-out/>
</testsuite> <!-- hw_15_selenium_methods.Use_of_navigate_method -->
