<?xml version="1.0" encoding="UTF-8"?>
<!-- Generated by org.testng.reporters.JUnitReportReporter -->
<testsuite hostname="DESKTOP-D9L1E3E" failures="0" tests="4" name="hw_14_selenium.UseOfTestNGAnnotationSendKeys" time="12.486" errors="0" timestamp="2021-12-22T02:29:30 EST" skipped="0">
  <testcase classname="hw_14_selenium.UseOfTestNGAnnotationSendKeys" name="onlineIDTest" time="3.141"/>
  <system-out/>
  <testcase classname="hw_14_selenium.UseOfTestNGAnnotationSendKeys" name="passcodeTest" time="3.118"/>
  <system-out/>
  <testcase classname="hw_14_selenium.UseOfTestNGAnnotationSendKeys" name="checkBoxTest" time="3.120"/>
  <system-out/>
  <testcase classname="hw_14_selenium.UseOfTestNGAnnotationSendKeys" name="signInTest" time="3.107"/>
  <system-out/>
</testsuite> <!-- hw_14_selenium.UseOfTestNGAnnotationSendKeys -->
