<?xml version="1.0" encoding="UTF-8"?>
<!-- Generated by org.testng.reporters.JUnitReportReporter -->
<testsuite hostname="DESKTOP-D9L1E3E" failures="0" tests="2" name="hw_16_selenium_methods.WebBasedAlertMethods" time="10.162" errors="0" timestamp="2021-12-29T19:42:44 EST" skipped="0">
  <testcase classname="hw_16_selenium_methods.WebBasedAlertMethods" name="acceptAlertFromWindow" time="5.085"/>
  <system-out/>
  <testcase classname="hw_16_selenium_methods.WebBasedAlertMethods" name="dismissAlertFromWindow" time="5.077"/>
  <system-out/>
</testsuite> <!-- hw_16_selenium_methods.WebBasedAlertMethods -->
