<?xml version="1.0" encoding="UTF-8"?>
<!-- Generated by org.testng.reporters.JUnitReportReporter -->
<testsuite hostname="DESKTOP-D9L1E3E" failures="0" tests="1" name="hw_13_selenium.Uses_of_method_to_run_an_url_02" time="0.174" errors="0" timestamp="2021-12-21T20:56:41 EST" skipped="0">
  <testcase classname="hw_13_selenium.Uses_of_method_to_run_an_url_02" name="buttonTest" time="0.174"/>
  <system-out/>
</testsuite> <!-- hw_13_selenium.Uses_of_method_to_run_an_url_02 -->
