<?xml version="1.0" encoding="UTF-8"?>
<!-- Generated by org.testng.reporters.JUnitReportReporter -->
<testsuite hostname="DESKTOP-D9L1E3E" failures="0" tests="1" name="hw_14_selenium.UseOfTestNGAnnotationGetCurrentURL" time="1.862" errors="0" timestamp="2021-12-22T00:58:29 EST" skipped="0">
  <testcase classname="hw_14_selenium.UseOfTestNGAnnotationGetCurrentURL" name="currentURLTest" time="1.862"/>
  <system-out/>
</testsuite> <!-- hw_14_selenium.UseOfTestNGAnnotationGetCurrentURL -->
