<?xml version="1.0" encoding="UTF-8"?>
<!-- Generated by org.testng.reporters.JUnitReportReporter -->
<testsuite hostname="DESKTOP-D9L1E3E" failures="0" tests="1" name="hw_14_selenium.UseOfTestNGAnnotationIsDisplayed" time="0.072" errors="0" timestamp="2021-12-21T22:46:03 EST" skipped="0">
  <testcase classname="hw_14_selenium.UseOfTestNGAnnotationIsDisplayed" name="openAcountTest" time="0.072"/>
  <system-out/>
</testsuite> <!-- hw_14_selenium.UseOfTestNGAnnotationIsDisplayed -->
