<?xml version="1.0" encoding="UTF-8"?>
<!-- Generated by org.testng.reporters.JUnitReportReporter -->
<testsuite hostname="DESKTOP-D9L1E3E" failures="0" tests="1" name="hw_13.Uses_of_method_to_run_an_url" time="32.769" errors="0" timestamp="2021-12-21T04:58:33 EST" skipped="0">
  <testcase classname="hw_13.Uses_of_method_to_run_an_url" name="orderAndReturnTest" time="32.769"/>
  <system-out/>
</testsuite> <!-- hw_13.Uses_of_method_to_run_an_url -->
