<?xml version="1.0" encoding="UTF-8"?>
<!-- Generated by org.testng.reporters.JUnitReportReporter -->
<testsuite hostname="DESKTOP-D9L1E3E" failures="0" tests="2" name="hw_15_selenium_methods.UseOfTestNGAnnotationClearAndEnterKeyMethod" time="10.990" errors="0" timestamp="2021-12-23T03:09:31 EST" skipped="1">
  <testcase classname="hw_15_selenium_methods.UseOfTestNGAnnotationClearAndEnterKeyMethod" name="searchTest01" time="10.990"/>
  <system-out/>
  <testcase classname="hw_15_selenium_methods.UseOfTestNGAnnotationClearAndEnterKeyMethod" name="searchTest">
    <skipped/>
  </testcase> <!-- searchTest -->
  <system-out/>
</testsuite> <!-- hw_15_selenium_methods.UseOfTestNGAnnotationClearAndEnterKeyMethod -->
