<?xml version="1.0" encoding="UTF-8"?>
<!-- Generated by org.testng.reporters.JUnitReportReporter -->
<testsuite hostname="DESKTOP-D9L1E3E" failures="0" tests="1" name="hw_14_selenium.UseOfTestNGAnnotation" time="0.056" errors="0" timestamp="2021-12-21T21:35:06 EST" skipped="0">
  <testcase classname="hw_14_selenium.UseOfTestNGAnnotation" name="openAcountTest" time="0.056"/>
  <system-out/>
</testsuite> <!-- hw_14_selenium.UseOfTestNGAnnotation -->
