<?xml version="1.0" encoding="UTF-8"?>
<!-- Generated by org.testng.reporters.JUnitReportReporter -->
<testsuite hostname="DESKTOP-D9L1E3E" failures="0" tests="1" name="hw_16_selenium_methods.Use_of_chrome_driver" time="13.945" errors="0" timestamp="2021-12-24T03:44:46 EST" skipped="0">
  <testcase classname="hw_16_selenium_methods.Use_of_chrome_driver" name="logInTest" time="13.945"/>
  <system-out/>
</testsuite> <!-- hw_16_selenium_methods.Use_of_chrome_driver -->
