<?xml version="1.0" encoding="UTF-8"?>
<!-- Generated by org.testng.reporters.JUnitReportReporter -->
<testsuite hostname="DESKTOP-D9L1E3E" failures="0" tests="1" name="hw_16_selenium_methods.Use_of_firefox_driver" time="8.136" errors="0" timestamp="2021-12-24T04:05:45 EST" skipped="0">
  <testcase classname="hw_16_selenium_methods.Use_of_firefox_driver" name="loginButtonTest" time="8.136"/>
  <system-out/>
</testsuite> <!-- hw_16_selenium_methods.Use_of_firefox_driver -->
