<?xml version="1.0" encoding="UTF-8"?>
<!-- Generated by org.testng.reporters.JUnitReportReporter -->
<testsuite hostname="DESKTOP-D9L1E3E" failures="0" tests="1" name="hw_14_selenium.UseOfTestNGAnnotationIsEnabled" time="0.048" errors="0" timestamp="2021-12-21T22:44:45 EST" skipped="0">
  <testcase classname="hw_14_selenium.UseOfTestNGAnnotationIsEnabled" name="signInTest" time="0.048"/>
  <system-out/>
</testsuite> <!-- hw_14_selenium.UseOfTestNGAnnotationIsEnabled -->
