<?xml version="1.0" encoding="UTF-8"?>
<!-- Generated by org.testng.reporters.JUnitReportReporter -->
<testsuite hostname="DESKTOP-D9L1E3E" failures="0" tests="1" name="hw_13.UseOfTestNG" time="0.358" errors="0" timestamp="2021-12-21T04:09:18 EST" skipped="0">
  <testcase classname="hw_13.UseOfTestNG" name="buttonTest" time="0.358"/>
  <system-out/>
</testsuite> <!-- hw_13.UseOfTestNG -->
